0
0
0
0
0
0
0
0
1
1
1
1
1
2
2
2
2
2
2
2
2
3
3
3
3
3
4
4
4
4
4
4
5
5
5
5
5
6
7
7
7
7
7
8
8
8
8
8
8
9
10
10
10
11
11
12
12
12
13
13
14
14
15
15
16
17
17
18
18
19
19
20
20
21
21
21
22
23
23
24
25
26
26
27
27
28
28
28
28
29
29
29
30
31
31
31
31
32
32
32
33
33
34
37
38
38
38
38
38
38
39
40
41
42
42
43
43
53
54
55
56
65
66
68
68
68
68
68
69
69
70
70
74
75
75
82
83
83
84
90
91
91
92
92
92
93
93
102
102
103
111
112
113
119
119
119
129
129
130
137
137
138
138
139
145
146
147
147
148
148
149
149
150
150
157
157
158
162
163
164
165
165
165
169
169
169
175
176
176
177
177
178
179
179
180
180
181
182
182
182
187
187
188
194
195
195
195
196
197
197
197
197
197
198
199
199
200
200
200
210
214
214
216
216
220
221
225
226
226
227
237
237
246
246
247
247
248
248
249
250
251
254
255
255
256
256
257
257
257
257
257
258
258
259
260
261
261
261
261
262
270
271
272
273
273
274
275
276
277
277
280
281
285
285
286
296
297
297
298
299
299
301
304
308
308
309
311
311
311
312
313
313
321
321
322
322
322
322
323
323
324
324
325
325
326
326
327
327
328
329
329
330
330
330
331
331
332
333
333
334
334
334
335
336
336
336
337
339
339
340
349
349
350
359
359
360
361
370
376
377
378
378
379
379
379
379
380
380
380
381
381
382
382
383
384
385
385
386
393
393
394
394
398
398
398
398
398
399
400
401
402
408
408
416
416
416
419
420
421
427
427
428
433
439
448
449
449
449
450
451
452
459
459
463
463
464
466
467
467
474
474
480
481
482
482
483
492
498
499
500
501
501
502
503
503
504
504
504
505
505
505
506
513
515
521
521
531
531
537
540
540
546
547
548
549
550
551
561
561
562
563
563
563
564
564
565
565
566
566
567
567
567
568
568
568
569
570
570
571
572
572
577
577
578
579
579
584
586
586
596
598
599
599
599
599
609
612
620
621
622
622
622
622
623
624
624
625
625
633
633
634
636
637
637
638
638
638
639
639
648
649
649
650
650
651
651
652
652
652
653
653
662
662
663
669
672
673
673
673
674
674
675
680
684
693
694
694
694
695
695
696
696
696
696
697
697
705
708
709
710
710
711
711
712
713
717
717
720
721
721
725
725
726
726
727
732
733
733
734
735
735
736
741
741
741
741
741
742
743
743
751
751
752
752
753
753
755
755
755
756
756
757
757
758
759
766
771
771
772
773
780
780
781
781
782
782
782
783
784
784
785
785
786
793
793
794
794
794
795
796
798
798
799
800
804
805
806
806
807
808
809
809
809
810
810
812
821
821
822
830
830
831
831
831
832
832
832
833
833
834
839
849
849
849
859
859
860
870
871
872
872
879
882
883
893
893
894
895
895
899
907
908
908
908
909
910
910
910
911
911
915
915
916
916
917
918
922
923
923
924
924
933
934
934
934
943
943
944
944
947
956
956
957
958
958
959
959
964
965
965
971
972
972
973
973
973
973
974
975
975
984
985
985
990
990
991
991
991
992
992
993
993
1002
1002
1003
1012
1012
1013
1013
1014
1014
1015
1015
1016
1016
1017
1018
1018
1019
1028
1029
1030
1034
1036
1037
1037
1043
1045
1045
1046
1046
1047
1047
1048
1058
1059
1061
1062
1063
1068
1068
1069
1070
1070
1071
1072
1075
1076
1077
1078
1085
1086
1087
1088
1088
1089
1089
1094
1095
1095
1095
1100
1107
1108
1109
1109
1109
1109
1116
1116
1117
1117
1118
1127
1128
1128
1133
1133
1134
1134
1134
1141
1142
1147
1148
1148
1149
1150
1151
1152
1152
1153
1153
1163
1163
1164
1164
1165
1165
1166
1171
1171
1171
1172
1172
1172
1172
1173
1174
1180
1181
1181
1181
1182
1183
1184
1184
1192
1192
1193
1194
1194
1195
1196
1197
1197
1197
1204
1210
1211
1212
1212
1220
1226
1226
1235
1235
1245
1246
1247
1254
1255
1256
1256
1256
1257
1266
1267
1273
1274
1277
1278
1278
1279
1279
1279
1281
1282
1282
1283
1283
1284
1285
1286
1287
1288
1289
1290
1291
1291
1292
1297
1301
1307
1308
1308
1309
1309
1312
1313
1318
1320
1320
1320
1326
1327
1327
1334
1334
1342
1346
1347
1347
1347
1347
1348
1354
1355
1355
1356
1357
1358
1358
1366
1367
1367
1373
1373
1373
1374
1374
1375
1375
1375
1375
1377
1378
1378
1378
1379
1380
1381
1390
1391
1391
1392
1392
1393
1393
1393
1394
1394
1394
1395
1397
1397
1398
1398
1407
1408
1409
1409
1417
1417
1418
1418
1419
1420
1421
1430
1430
1431
1431
1441
1442
1442
1443
1444
1444
1445
1446
1447
1447
1448
1448
1448
1449
1449
1450
1450
1450
1451
1451
1451
1452
1452
1452
1452
1452
1453
1454
1454
1455
1455
1464
1465
1467
1467
1468
1468
1469
1469
1477
1478
1479
1479
1480
1480
1480
1480
1481
1481
1483
1483
1489
1494
1495
1496
1506
1506
1506
1506
1506
1507
1507
1513
1513
1513
1514
1521
1522
1531
1531
1531
1531
1535
1536
1536
1537
1537
1537
1545
1546
1546
1547
1547
1547
1548
1549
1555
1556
1557
1566
1567
1567
1568
1568
1569
1569
1569
1570
1572
1573
1573
1574
1575
1575
1581
1582
1582
1583
1583
1583
1584
1589
1598
1598
1600
1601
1602
1603
1603
1604
1604
1605
1605
1609
1613
1614
1617
1618
1618
1619
1624
1625
1625
1625
1626
1627
1630
1631
1632
1632
1633
1633
1633
1633
1634
1634
1634
1634
1638
1638
1639
1639
1640
1649
1652
1653
1653
1654
1654
1655
1657
1657
1657
1658
1658
1659
1659
1660
1669
1670
1670
1671
1671
1672
1672
1673
1673
1677
1677
1677
1678
1679
1680
1680
1681
1681
1682
1682
1683
1684
1685
1686
1687
1689
1689
1690
1691
1691
1691
1691
1692
1692
1692
1692
1692
1698
1699
1699
1700
1709
1709
1710
1710
1710
1717
1717
1718
1718
1719
1719
1727
1727
1727
1728
1729
1729
1731
1736
1737
1738
1738
1742
1743
1744
1744
1745
1753
1754
1754
1755
1762
1763
1768
1769
1769
1770
1771
1774
1775
1777
1780
1788
1789
1789
1790
1792
1792
1793
1794
1794
1794
1795
1795
1795
1796
1796
1797
1798
1798
1799
1802
1803
1806
1811
1816
1823
1824
1824
1824
1825
1825
1826
1826
1827
1827
1828
1828
1829
1838
1839
1840
1840
1840
1841
1841
1842
1842
1842
1843
1843
1850
1850
1853
1854
1855
1856
1856
1857
1857
1864
1872
1873
1874
1874
1874
1882
1882
1883
1884
1884
1884
1884
1885
1886
1886
1887
1887
1889
1890
1891
1891
1892
1892
1893
1899
1900
1900
1902
1904
1905
1905
1906
1907
1907
1908
1909
1909
1909
1909
1915
1915
1915
1916
1916
1917
1917
1918
1919
1919
1929
1929
1935
1936
1937
1937
1938
1943
1944
1944
1944
1945
1945
1946
1947
1947
1948
1948
1954
1954
1958
1958
1968
1968
1976
1976
1976
1977
1984
1985
1986
1987
1987
1988
1989
1989
1990
1990
1991
1991
1992
1993
1993
1994
2002
2003
2004
2007
2016
2022
2026
2026
2029
2030
2035
2036
2037
2043
2043
2044
2045
2046
2046
2047
2047
2048
2048
2049
2049
2050
2056
2057
2057
2058
2059
2065
2066
2067
2068
2068
2069
2070
2070
2071
2071
2072
2073
2073
2073
2074
2074
2074
2074
2075
2075
2081
2081
2082
2082
2082
2083
2083
2084
2084
2084
2085
2085
2085
2088
2089
2090
2091
2091
2093
2093
2095
2100
2100
2101
2106
2106
2107
2107
2108
2117
2123
2124
2124
2125
2125
2126
2126
2127
2133
2134
2134
2135
2136
2137
2138
2138
2138
2148
2148
2156
2157
2160
2164
2164
2165
2165
2166
2167
2167
2168
2168
2173
2183
2184
2184
2184
2185
2186
2187
2187
2187
2188
2188
2188
2189
2190
2196
2196
2196
2196
2197
2201
2206
2206
2216
2217
2217
2218
2226
2227
2228
2228
2229
2229
2230
2231
2232
2232
2232
2233
2233
2234
2234
2235
2236
2239
2240
2240
2241
2242
2242
2242
2251
2255
2256
2260
2260
2260
2267
2267
2268
2268
2270
2272
2277
2278
2283
2284
2284
2285
2290
2291
2292
2297
2298
2299
2299
2299
2300
2300
2300
2310
2310
2310
2311
2311
2312
2312
2313
2314
2314
2314
2314
2322
2331
2332
2341
2342
2343
2343
2343
2344
2348
2351
2351
2352
2353
2354
2354
2355
2356
2358
2359
2359
2360
2363
2368
2369
2369
2369
2370
2379
2380
2380
2380
2384
2384
2393
2393
2393
2394
2395
2403
2403
2404
2405
2405
2406
2406
2407
2414
2415
2415
2416
2416
2417
2418
2418
2418
2419
2419
2424
2425
2425
2427
2427
2428
2429
2430
2435
2435
2442
2442
2442
2443
2452
2453
2453
2454
2455
2456
2456
2457
2457
2458
2458
2458
2459
2459
2459
2460
2460
2460
2465
2465
2465
2465
2466
2466
2466
2466
2467
2467
2474
2474
2474
2475
2475
2476
2476
2484
2484
2485
2485
2489
2496
2496
2496
2496
2497
2498
2498
2499
2499
2506
2510
2510
2510
2511
2511
2512
2512
2512
2513
2513
2514
2514
2514
2514
2514
2515
2515
2515
2516
2516
2525
2525
2526
2527
2528
2529
2530
2540
2541
2551
2551
2552
2552
2553
2553
2554
2554
2560
2563
2563
2564
2564
2565
2565
2565
2566
2566
2570
2571
2571
2580
2581
2583
2583
2584
2584
2584
2584
2584
2585
2586
2587
2593
2594
2594
2595
2596
2596
2603
2604
2605
2605
2606
2606
2615
2615
2619
2619
2619
2619
2620
2626
2626
2626
2627
2627
2628
2629
2629
2629
2630
2631
2632
2632
2632
2633
2634
2634
2634
2635
2636
2637
2637
2638
2638
2639
2639
2640
2640
2647
2648
2648
2649
2650
2650
2651
2651
2652
2653
2653
2654
2655
2655
2656
2658
2658
2664
2671
2672
2672
2673
2673
2674
2675
2675
2676
2676
2677
2677
2677
2678
2679
2680
2680
2681
2681
2681
2684
2685
2686
2686
2686
2687
2687
2688
2696
2696
2697
2700
2702
2702
2703
2703
2707
2708
2709
2710
2711
2711
2718
2719
2728
2738
2738
2741
2742
2742
2750
2751
2751
2757
2758
2758
2759
2759
2759
2759
2759
2760
2761
2761
2771
2772
2772
2772
2773
2774
2774
2775
2775
2776
2777
2778
2778
2779
2780
2788
2789
2789
2790
2791
2791
2792
2792
2797
2797
2804
2805
2806
2806
2807
2807
2808
2814
2815
2815
2816
2816
2817
2822
2822
2823
2824
2824
2825
2829
2830
2830
2831
2832
2832
2833
2838
2840
2841
2842
2842
2843
2844
2845
2845
2850
2851
2851
2852
2853
2853
2854
2854
2854
2855
2856
2856
2857
2858
2868
2868
2869
2869
2869
2874
2875
2875
2875
2876
2882
2883
2884
2884
2885
2892
2892
2893
2895
2896
2897
2898
2899
2900
2900
2901
2901
2902
2902
2904
2904
2905
2906
2906
2907
2908
2908
2909
2911
2912
2913
2913
2913
2914
2914
2914
2914
2917
2917
2917
2918
2920
2921
2922
2931
2932
2941
2941
2941
2942
2942
2943
2944
2944
2952
2953
2953
2953
2953
2958
2958
2959
2959
2963
2963
2964
2964
2964
2965
2965
2966
2966
2967
2968
2968
2969
2969
2969
2975
2976
2976
2977
2978
2978
2984
2984
2984
2985
2994
2994
2995
2996
2997
2997
3004
3005
3005
3007
3008
3012
3012
3012
3012
3020
3021
3022
3022
3023
3024
3024
3031
3038
3038
3038
3039
3048
3049
3049
3053
3054
3055
3065
3066
3066
3067
3068
3068
3075
3075
3076
3077
3077
3078
3078
3079
3082
3083
3087
3087
3088
3089
3096
3106
3107
3107
3107
3108
3109
3115
3115
3116
3117
3117
3118
3118
3126
3126
3127
3127
3132
3133
3134
3134
3134
3134
3134
3134
3135
3135
3136
3136
3137
3147
3147
3147
3147
3148
3148
3149
3149
3149
3152
3159
3160
3160
3160
3166
3166
3167
3167
3174
3182
3182
3184
3184
3184
3185
3191
3192
3192
3193
3199
3199
3200
3201
3201
3202
3203
3203
3212
3213
3214
3214
3223
3223
3226
3228
3228
3228
3228
3229
3229
3230
3230
3233
3234
3242
3242
3243
3243
3244
3245
3247
3253
3254
3254
3255
3255
3256
3256
3257
3257
3257
3257
3257
3257
3258
3258
3259
3262
3263
3265
3265
3268
3274
3277
3277
3278
3279
3279
3280
3283
3284
3284
3285
3286
3286
3287
3287
3288
3288
3289
3294
3295
3295
3295
3295
3296
3305
3306
3307
3307
3308
3309
3309
3309
3310
3310
3311
3312
3312
3313
3318
3320
3321
3321
3322
3322
3322
3323
3323
3324
3324
3325
3325
3325
3326
3327
3334
3334
3335
3336
3336
3341
3342
3349
3350
3350
3356
3357
3363
3364
3364
3365
3366
3370
3370
3370
3376
3376
3377
3384
3385
3390
3391
3391
3392
3393
3400
3407
3408
3416
3417
3418
3418
3419
3421
3422
3422
3423
3423
3424
3424
3424
3425
3425
3426
3431
3432
3433
3433
3434
3434
3440
3440
3441
3442
3443
3443
3444
3445
3446
3446
3452
3452
3453
3453
3453
3454
3464
3464
3465
3465
3466
3466
3466
3467
3468
3468
3469
3471
3472
3472
3473
3473
3473
3474
3476
3477
3478
3479
3480
3481
3481
3490
3491
3491
3492
3492
3493
3499
3500
3500
3501
3504
3505
3505
3506
3507
3507
3508
3508
3509
3509
3512
3512
3513
3513
3514
3514
3514
3514
3515
3524
3525
3532
3532
3532
3533
3533
3533
3533
3537
3537
3537
3547
3547
3548
3548
3548
3554
3555
3555
3555
3556
3558
3559
3559
3559
3560
3563
3564
3564
3565
3565
3565
3566
3566
3567
3573
3574
3575
3576
3576
3577
3577
3578
3578
3579
3583
3584
3592
3592
3593
3594
3594
3601
3602
3602
3603
3604
3604
3604
3608
3608
3611
3612
3614
3615
3616
3616
3616
3617
3621
3621
3622
3622
3623
3623
3624
3624
3625
3625
3625
3626
3626
3627
3627
3628
3628
3629
3629
3629
3630
3630
3631
3635
3636
3637
3643
3653
3653
3654
3655
3656
3656
3657
3661
3666
3666
3667
3668
3670
3671
3671
3672
3672
3673
3674
3677
3677
3677
3679
3680
3681
3681
3682
3682
3682
3683
3683
3683
3690
3699
3700
3701
3701
3703
3703
3704
3704
3710
3710
3711
3712
3717
3718
3719
3719
3719
3720
3727
3727
3727
3730
3730
3738
3739
3740
3740
3740
3740
3740
3741
3742
3742
3742
3743
3743
3743
3744
3744
3745
3754
3754
3754
3754
3755
3755
3756
3756
3757
3757
3757
3758
3759
3759
3760
3760
3760
3761
3761
3762
3762
3762
3763
3763
3764
3764
3765
3765
3770
3771
3775
3775
3775
3776
3776
3777
3777
3778
3785
3785
3786
3793
3794
3794
3795
3795
3795
3796
3797
3800
3800
3801
3802
3804
3805
3805
3806
3807
3807
3807
3808
3811
3813
3813
3815
3816
3816
3817
3817
3818
3818
3827
3827
3828
3828
3835
3835
3835
3836
3836
3837
3837
3838
3838
3839
3840
3841
3845
3845
3845
3846
3846
3849
3858
3859
3859
3860
3861
3862
3862
3865
3866
3867
3867
3875
3882
3884
3889
3889
3890
3891
3892
3892
3893
3893
3894
3898
3898
3899
3902
3905
3906
3909
3909
3910
3910
3911
3913
3917
3918
3918
3918
3918
3918
3918
3920
3920
3920
3920
3925
3925
3926
3926
3926
3927
3930
3930
3931
3931
3931
3931
3932
3932
3939
3939
3939
3939
3947
3948
3948
3948
3949
3950
3950
3951
3960
3961
3965
3966
3975
3975
3982
3982
3983
3984
3984
3985
3986
3986
3986
3995
3996
4003
4008
4009
4010
4010
4011
4011
4012
4013
4014
4014
4015
4016
4017
4021
4022
4022
4022
4023
4032
4033
4034
4034
4035
4035
4040
4041
4041
4051
4051
4051
4061
4061
4066
4066
4067
4075
4076
4084
4091
4091
4092
4092
4092
4093
4094
4094
4095
4101
4106
4106
4107
4108
4109
4109
4110
4110
4111
4111
4112
4112
4120
4120
4121
4121
4122
4123
4124
4124
4125
4125
4125
4126
4126
4127
4128
4129
4129
4134
4135
4135
4136
4145
4145
4146
4146
4146
4147
4152
4160
4160
4161
4165
4166
4166
4166
4167
4167
4168
4168
4168
4169
4171
4177
4178
4178
4179
4187
4188
4192
4193
4193
4196
4196
4196
4197
4197
4198
4198
4198
4199
4200
4200
4201
4202
4208
4209
4209
4209
4209
4210
4211
4211
4211
4212
4212
4213
4213
4215
4216
4217
4219
4220
4221
4221
4222
4222
4223
4223
4223
4224
4224
4225
4229
4229
4230
4230
4231
4231
4231
4232
4232
4233
4233
4234
4234
4234
4235
4235
4235
4235
4236
4236
4237
4237
4237
4238
4239
4240
4240
4241
4242
4242
4242
4242
4242
4243
4243
4244
4244
4245
4245
4252
4252
4253
4254
4255
4255
4263
4263
4264
4264
4265
4265
4268
4269
4269
4270
4270
4270
4274
4280
4280
4280
4280
4281
4281
4282
4282
4282
4282
4292
4292
4292
4295
4296
4296
4297
4297
4307
4307
4308
4308
4309
4309
4313
4321
4321
4321
4322
4322
4323
4323
4324
4324
4325
4326
4327
4328
4329
4329
4329
4330
4331
4331
4331
4332
4336
4337
4337
4337
4338
4338
4345
4351
4352
4352
4353
4353
4354
4361
4364
4367
4367
4368
4369
4370
4370
4371
4372
4373
4373
4375
4376
4377
4377
4377
4378
4379
4379
4380
4381
4383
4393
4394
4394
4395
4395
4395
4403
4404
4404
4406
4407
4407
4408
4408
4409
4419
4420
4420
4420
4424
4424
4425
4426
4426
4426
4433
4433
4434
4435
4435
4436
4436
4437
4437
4437
4437
4437
4441
4442
4443
4451
4452
4452
4452
4452
4452
4459
4459
4460
4468
4469
4470
4470
4474
4482
4483
4483
4483
4486
4487
4487
4488
4489
4489
4490
4490
4491
4491
4500
4505
4506
4510
4511
4511
4511
4512
4512
4513
4513
4513
4514
4514
4515
4516
4517
4517
4518
4519
4519
4519
4519
4519
4520
4520
4521
4521
4521
4522
4522
4523
4524
4524
4525
4526
4527
4527
4527
4528
4528
4529
4529
4530
4531
4532
4532
4532
4533
4533
4543
4546
4546
4547
4547
4548
4549
4550
4550
4551
4551
4554
4554
4555
4556
4561
4562
4563
4564
4565
4565
4566
4566
4567
4567
4568
4568
4569
4570
4570
4571
4573
4573
4573
4574
4575
4576
4576
4580
4580
4581
4581
4588
4588
4588
4598
4599
4604
4605
4614
4614
4614
4615
4615
4616
4619
4621
4621
4621
4622
4626
4627
4627
4628
4628
4629
4630
4630
4630
4638
4639
4647
4647
4647
4647
4648
4648
4649
4650
4657
4658
4658
4667
4667
4668
4669
4679
4680
4680
4681
4682
4682
4685
4685
4685
4685
4686
4694
4695
4696
4696
4696
4697
4697
4698
4699
4699
4704
4707
4707
4708
4709
4709
4719
4720
4720
4720
4721
4721
4722
4727
4728
4728
4729
4729
4730
4731
4732
4732
4733
4737
4747
4747
4748
4757
4762
4763
4763
4771
4772
4772
4773
4776
4777
4777
4778
4778
4779
4780
4781
4782
4790
4791
4791
4792
4792
4793
4793
4794
4794
4795
4796
4796
4796
4797
4798
4798
4799
4799
4809
4812
4812
4813
4813
4822
4822
4823
4823
4824
4825
4825
4825
4833
4834
4834
4839
4839
4840
4840
4841
4842
4842
4843
4848
4848
4857
4863
4866
4866
4867
4867
4868
4868
4868
4869
4870
4879
4886
4887
4887
4888
4888
4889
4894
4895
4900
4905
4905
4905
4906
4906
4907
4908
4916
4917
4917
4918
4919
4920
4920
4921
4922
4922
4926
4926
4933
4934
4935
4943
4943
4944
4944
4944
4945
4945
4945
4946
4946
4946
4947
4947
4947
4948
4958
4958
4958
4958
4968
4968
4969
4970
4970
4971
4971
4971
4971
4971
4972
4973
4973
4973
4974
4974
4974
4983
4983
4983
4984
4987
4995
4996
4996
4996
4997
5003
5004
5004
5005
5005
5006
5006
5007
5008
5014
5015
5015
5016
5017
5017
5018
5021
5022
5022
5023
5024
5025
5033
5034
5034
5035
5035
5036
5036
5036
5036
5037
5038
5038
5038
5039
5044
5044
5044
5044
5045
5046
5046
5047
5047
5047
5051
5051
5052
5060
5060
5061
5071
5072
5072
5077
5085
5093
5099
5099
5099
5100
5101
5102
5103
5103
5104
5104
5105
5105
5110
5111
5111
5120
5120
5123
5123
5126
5132
5132
5137
5137
5138
5138
5139
5141
5142
5142
5146
5147
5147
5148
5148
5148
5152
5152
5153
5153
5154
5163
5163
5163
5172
5172
5182
5182
5182
5188
5189
5189
5189
5190
5190
5190
5190
5191
5191
5192
5192
5192
5193
5193
5194
5194
5195
5195
5196
5197
5197
5197
5197
5198
5198
5199
5199
5200
5200
5201
5202
5202
5203
5203
5203
5209
5210
5211
5212
5219
5219
5219
5220
5221
5230
5231
5231
5232
5232
5232
5232
5233
5240
5241
5241
5241
5242
5248
5248
5252
5252
5253
5258
5258
5259
5259
5266
5270
5270
5270
5271
5273
5274
5274
5274
5274
5275
5275
5276
5277
5277
5279
5279
5279
5280
5280
5281
5284
5285
5285
5295
5303
5304
5304
5305
5307
5308
5308
5308
5316
5317
5325
5326
5326
5327
5331
5340
5340
5341
5341
5347
5347
5350
5350
5351
5352
5353
5353
5354
5355
5355
5356
5356
5356
5359
5359
5359
5362
5363
5363
5364
5365
5365
5365
5374
5374
5375
5376
5377
5378
5378
5379
5379
5380
5380
5386
5387
5387
5387
5388
5388
5389
5389
5389
5390
5390
5390
5396
5396
5397
5401
5403
5404
5404
5405
5405
5405
5406
5407
5407
5407
5408
5408
5409
5418
5419
5420
5421
5421
5421
5422
5427
5430
5431
5432
5432
5432
5432
5433
5440
5440
5440
5449
5449
5450
5451
5451
5452
5452
5453
5453
5453
5453
5454
5454
5455
5455
5456
5456
5456
5458
5463
5469
5470
5475
5483
5487
5488
5488
5489
5489
5490
5491
5491
5492
5501
5502
5503
5513
5514
5518
5518
5519
5519
5529
5529
5531
5532
5533
5533
5533
5542
5542
5542
5543
5543
5544
5545
5546
5546
5547
5547
5548
5549
5549
5550
5554
5554
5554
5554
5555
5556
5564
5565
5568
5568
5568
5569
5569
5575
5576
5578
5578
5579
5582
5583
5583
5584
5584
5584
5585
5585
5586
5586
5587
5588
5588
5589
5589
5590
5590
5590
5591
5600
5600
5601
5602
5604
5605
5606
5611
5611
5612
5612
5613
5613
5613
5618
5618
5619
5619
5620
5620
5629
5630
5634
5635
5642
5642
5642
5642
5642
5647
5647
5648
5652
5653
5653
5654
5654
5655
5655
5655
5655
5656
5656
5660
5660
5661
5662
5663
5670
5671
5678
5679
5679
5680
5680
5681
5682
5683
5683
5689
5694
5694
5694
5695
5697
5697
5697
5698
5706
5706
5707
5707
5708
5708
5709
5709
5709
5710
5710
5711
5713
5714
5714
5715
5715
5716
5717
5717
5718
5718
5719
5720
5721
5721
5722
5722
5723
5724
5724
5725
5725
5726
5726
5734
5736
5736
5736
5738
5747
5747
5748
5755
5764
5770
5770
5773
5773
5774
5781
5791
5791
5796
5799
5800
5801
5803
5804
5805
5806
5808
5809
5810
5811
5812
5812
5813
5814
5814
5814
5814
5814
5815
5819
5829
5838
5838
5838
5839
5841
5841
5842
5842
5842
5842
5842
5843
5844
5844
5844
5847
5848
5848
5848
5849
5850
5850
5851
5851
5852
5853
5854
5854
5855
5855
5856
5857
5857
5857
5858
5858
5858
5859
5859
5860
5860
5860
5861
5861
5861
5862
5863
5863
5863
5864
5864
5864
5865
5866
5867
5867
5868
5868
5869
5869
5869
5870
5870
5870
5871
5871
5872
5872
5873
5874
5874
5875
5875
5876
5876
5876
5876
5876
5876
5877
5878
5879
5879
5880
5881
5881
5881
5882
5883
5883
5883
5883
5883
5883
5883
5883
5883
5883
5883
5884
5885
5885
5886
5886
5886
5887
5887
5887
5887
5887
5887
5887
5888
5889
5890
5890
5890
5891
5891
5892
5892
5892
5892
5892
